<?xml version="1.0" encoding="UTF-8"?>
<testsuite xmlns:xsi="http://www.w3.org/2001/XMLSchema-instance" xsi:noNamespaceSchemaLocation="https://maven.apache.org/surefire/maven-surefire-plugin/xsd/surefire-test-report-3.0.xsd" version="3.0" name="cucumber.Options.TestRunner" time="5.186" tests="1" errors="0" skipped="0" failures="0">
  <properties>
    <property name="java.specification.version" value="23"/>
    <property name="sun.jnu.encoding" value="UTF-8"/>
    <property name="java.class.path" value="/Users/oguzhandemir/eclipse-workspace/APIFramework/target/test-classes:/Users/oguzhandemir/eclipse-workspace/APIFramework/target/classes:/Users/oguzhandemir/.m2/repository/io/rest-assured/rest-assured/5.5.0/rest-assured-5.5.0.jar:/Users/oguzhandemir/.m2/repository/org/apache/groovy/groovy/4.0.22/groovy-4.0.22.jar:/Users/oguzhandemir/.m2/repository/org/apache/groovy/groovy-xml/4.0.22/groovy-xml-4.0.22.jar:/Users/oguzhandemir/.m2/repository/org/apache/httpcomponents/httpclient/4.5.13/httpclient-4.5.13.jar:/Users/oguzhandemir/.m2/repository/org/apache/httpcomponents/httpcore/4.4.13/httpcore-4.4.13.jar:/Users/oguzhandemir/.m2/repository/commons-logging/commons-logging/1.2/commons-logging-1.2.jar:/Users/oguzhandemir/.m2/repository/commons-codec/commons-codec/1.11/commons-codec-1.11.jar:/Users/oguzhandemir/.m2/repository/org/apache/httpcomponents/httpmime/4.5.13/httpmime-4.5.13.jar:/Users/oguzhandemir/.m2/repository/org/hamcrest/hamcrest/2.2/hamcrest-2.2.jar:/Users/oguzhandemir/.m2/repository/org/ccil/cowan/tagsoup/tagsoup/1.2.1/tagsoup-1.2.1.jar:/Users/oguzhandemir/.m2/repository/io/rest-assured/json-path/5.5.0/json-path-5.5.0.jar:/Users/oguzhandemir/.m2/repository/org/apache/groovy/groovy-json/4.0.22/groovy-json-4.0.22.jar:/Users/oguzhandemir/.m2/repository/io/rest-assured/rest-assured-common/5.5.0/rest-assured-common-5.5.0.jar:/Users/oguzhandemir/.m2/repository/io/rest-assured/xml-path/5.5.0/xml-path-5.5.0.jar:/Users/oguzhandemir/.m2/repository/org/apache/commons/commons-lang3/3.11/commons-lang3-3.11.jar:/Users/oguzhandemir/.m2/repository/io/cucumber/cucumber-java/7.20.1/cucumber-java-7.20.1.jar:/Users/oguzhandemir/.m2/repository/io/cucumber/cucumber-core/7.20.1/cucumber-core-7.20.1.jar:/Users/oguzhandemir/.m2/repository/io/cucumber/cucumber-gherkin/7.20.1/cucumber-gherkin-7.20.1.jar:/Users/oguzhandemir/.m2/repository/io/cucumber/cucumber-gherkin-messages/7.20.1/cucumber-gherkin-messages-7.20.1.jar:/Users/oguzhandemir/.m2/repository/io/cucumber/gherkin/28.0.0/gherkin-28.0.0.jar:/Users/oguzhandemir/.m2/repository/io/cucumber/messages/24.1.0/messages-24.1.0.jar:/Users/oguzhandemir/.m2/repository/io/cucumber/testng-xml-formatter/0.2.0/testng-xml-formatter-0.2.0.jar:/Users/oguzhandemir/.m2/repository/io/cucumber/query/12.2.0/query-12.2.0.jar:/Users/oguzhandemir/.m2/repository/io/cucumber/tag-expressions/6.1.0/tag-expressions-6.1.0.jar:/Users/oguzhandemir/.m2/repository/io/cucumber/cucumber-expressions/17.1.0/cucumber-expressions-17.1.0.jar:/Users/oguzhandemir/.m2/repository/io/cucumber/datatable/7.20.1/datatable-7.20.1.jar:/Users/oguzhandemir/.m2/repository/io/cucumber/cucumber-plugin/7.20.1/cucumber-plugin-7.20.1.jar:/Users/oguzhandemir/.m2/repository/io/cucumber/docstring/7.20.1/docstring-7.20.1.jar:/Users/oguzhandemir/.m2/repository/io/cucumber/html-formatter/21.7.0/html-formatter-21.7.0.jar:/Users/oguzhandemir/.m2/repository/io/cucumber/junit-xml-formatter/0.5.0/junit-xml-formatter-0.5.0.jar:/Users/oguzhandemir/.m2/repository/io/cucumber/ci-environment/10.0.1/ci-environment-10.0.1.jar:/Users/oguzhandemir/.m2/repository/org/apiguardian/apiguardian-api/1.1.2/apiguardian-api-1.1.2.jar:/Users/oguzhandemir/.m2/repository/io/cucumber/cucumber-junit/7.20.1/cucumber-junit-7.20.1.jar:/Users/oguzhandemir/.m2/repository/com/fasterxml/jackson/core/jackson-databind/2.18.0/jackson-databind-2.18.0.jar:/Users/oguzhandemir/.m2/repository/com/fasterxml/jackson/core/jackson-annotations/2.18.0/jackson-annotations-2.18.0.jar:/Users/oguzhandemir/.m2/repository/com/fasterxml/jackson/core/jackson-core/2.18.0/jackson-core-2.18.0.jar:/Users/oguzhandemir/.m2/repository/org/codehaus/groovy/groovy/3.0.22/groovy-3.0.22.jar:/Users/oguzhandemir/.m2/repository/junit/junit/4.13.2/junit-4.13.2.jar:/Users/oguzhandemir/.m2/repository/org/hamcrest/hamcrest-core/1.3/hamcrest-core-1.3.jar:"/>
    <property name="java.vm.vendor" value="Oracle Corporation"/>
    <property name="sun.arch.data.model" value="64"/>
    <property name="java.vendor.url" value="https://java.oracle.com/"/>
    <property name="os.name" value="Mac OS X"/>
    <property name="java.vm.specification.version" value="23"/>
    <property name="sun.java.launcher" value="SUN_STANDARD"/>
    <property name="user.country" value="TR"/>
    <property name="sun.boot.library.path" value="/Library/Java/JavaVirtualMachines/jdk-23.jdk/Contents/Home/lib"/>
    <property name="sun.java.command" value="/Users/oguzhandemir/eclipse-workspace/APIFramework/target/surefire/surefirebooter-20241101154710192_3.jar /Users/oguzhandemir/eclipse-workspace/APIFramework/target/surefire 2024-11-01T15-47-10_143-jvmRun1 surefire-20241101154710192_1tmp surefire_0-20241101154710192_2tmp"/>
    <property name="http.nonProxyHosts" value="local|*.local|169.254/16|*.169.254/16"/>
    <property name="jdk.debug" value="release"/>
    <property name="surefire.test.class.path" value="/Users/oguzhandemir/eclipse-workspace/APIFramework/target/test-classes:/Users/oguzhandemir/eclipse-workspace/APIFramework/target/classes:/Users/oguzhandemir/.m2/repository/io/rest-assured/rest-assured/5.5.0/rest-assured-5.5.0.jar:/Users/oguzhandemir/.m2/repository/org/apache/groovy/groovy/4.0.22/groovy-4.0.22.jar:/Users/oguzhandemir/.m2/repository/org/apache/groovy/groovy-xml/4.0.22/groovy-xml-4.0.22.jar:/Users/oguzhandemir/.m2/repository/org/apache/httpcomponents/httpclient/4.5.13/httpclient-4.5.13.jar:/Users/oguzhandemir/.m2/repository/org/apache/httpcomponents/httpcore/4.4.13/httpcore-4.4.13.jar:/Users/oguzhandemir/.m2/repository/commons-logging/commons-logging/1.2/commons-logging-1.2.jar:/Users/oguzhandemir/.m2/repository/commons-codec/commons-codec/1.11/commons-codec-1.11.jar:/Users/oguzhandemir/.m2/repository/org/apache/httpcomponents/httpmime/4.5.13/httpmime-4.5.13.jar:/Users/oguzhandemir/.m2/repository/org/hamcrest/hamcrest/2.2/hamcrest-2.2.jar:/Users/oguzhandemir/.m2/repository/org/ccil/cowan/tagsoup/tagsoup/1.2.1/tagsoup-1.2.1.jar:/Users/oguzhandemir/.m2/repository/io/rest-assured/json-path/5.5.0/json-path-5.5.0.jar:/Users/oguzhandemir/.m2/repository/org/apache/groovy/groovy-json/4.0.22/groovy-json-4.0.22.jar:/Users/oguzhandemir/.m2/repository/io/rest-assured/rest-assured-common/5.5.0/rest-assured-common-5.5.0.jar:/Users/oguzhandemir/.m2/repository/io/rest-assured/xml-path/5.5.0/xml-path-5.5.0.jar:/Users/oguzhandemir/.m2/repository/org/apache/commons/commons-lang3/3.11/commons-lang3-3.11.jar:/Users/oguzhandemir/.m2/repository/io/cucumber/cucumber-java/7.20.1/cucumber-java-7.20.1.jar:/Users/oguzhandemir/.m2/repository/io/cucumber/cucumber-core/7.20.1/cucumber-core-7.20.1.jar:/Users/oguzhandemir/.m2/repository/io/cucumber/cucumber-gherkin/7.20.1/cucumber-gherkin-7.20.1.jar:/Users/oguzhandemir/.m2/repository/io/cucumber/cucumber-gherkin-messages/7.20.1/cucumber-gherkin-messages-7.20.1.jar:/Users/oguzhandemir/.m2/repository/io/cucumber/gherkin/28.0.0/gherkin-28.0.0.jar:/Users/oguzhandemir/.m2/repository/io/cucumber/messages/24.1.0/messages-24.1.0.jar:/Users/oguzhandemir/.m2/repository/io/cucumber/testng-xml-formatter/0.2.0/testng-xml-formatter-0.2.0.jar:/Users/oguzhandemir/.m2/repository/io/cucumber/query/12.2.0/query-12.2.0.jar:/Users/oguzhandemir/.m2/repository/io/cucumber/tag-expressions/6.1.0/tag-expressions-6.1.0.jar:/Users/oguzhandemir/.m2/repository/io/cucumber/cucumber-expressions/17.1.0/cucumber-expressions-17.1.0.jar:/Users/oguzhandemir/.m2/repository/io/cucumber/datatable/7.20.1/datatable-7.20.1.jar:/Users/oguzhandemir/.m2/repository/io/cucumber/cucumber-plugin/7.20.1/cucumber-plugin-7.20.1.jar:/Users/oguzhandemir/.m2/repository/io/cucumber/docstring/7.20.1/docstring-7.20.1.jar:/Users/oguzhandemir/.m2/repository/io/cucumber/html-formatter/21.7.0/html-formatter-21.7.0.jar:/Users/oguzhandemir/.m2/repository/io/cucumber/junit-xml-formatter/0.5.0/junit-xml-formatter-0.5.0.jar:/Users/oguzhandemir/.m2/repository/io/cucumber/ci-environment/10.0.1/ci-environment-10.0.1.jar:/Users/oguzhandemir/.m2/repository/org/apiguardian/apiguardian-api/1.1.2/apiguardian-api-1.1.2.jar:/Users/oguzhandemir/.m2/repository/io/cucumber/cucumber-junit/7.20.1/cucumber-junit-7.20.1.jar:/Users/oguzhandemir/.m2/repository/com/fasterxml/jackson/core/jackson-databind/2.18.0/jackson-databind-2.18.0.jar:/Users/oguzhandemir/.m2/repository/com/fasterxml/jackson/core/jackson-annotations/2.18.0/jackson-annotations-2.18.0.jar:/Users/oguzhandemir/.m2/repository/com/fasterxml/jackson/core/jackson-core/2.18.0/jackson-core-2.18.0.jar:/Users/oguzhandemir/.m2/repository/org/codehaus/groovy/groovy/3.0.22/groovy-3.0.22.jar:/Users/oguzhandemir/.m2/repository/junit/junit/4.13.2/junit-4.13.2.jar:/Users/oguzhandemir/.m2/repository/org/hamcrest/hamcrest-core/1.3/hamcrest-core-1.3.jar:"/>
    <property name="sun.cpu.endian" value="little"/>
    <property name="user.home" value="/Users/oguzhandemir"/>
    <property name="user.language" value="en"/>
    <property name="java.specification.vendor" value="Oracle Corporation"/>
    <property name="java.version.date" value="2024-09-17"/>
    <property name="java.home" value="/Library/Java/JavaVirtualMachines/jdk-23.jdk/Contents/Home"/>
    <property name="file.separator" value="/"/>
    <property name="basedir" value="/Users/oguzhandemir/eclipse-workspace/APIFramework"/>
    <property name="java.vm.compressedOopsMode" value="Zero based"/>
    <property name="line.separator" value="&#10;"/>
    <property name="java.vm.specification.vendor" value="Oracle Corporation"/>
    <property name="java.specification.name" value="Java Platform API Specification"/>
    <property name="apple.awt.application.name" value="ForkedBooter"/>
    <property name="surefire.real.class.path" value="/Users/oguzhandemir/eclipse-workspace/APIFramework/target/surefire/surefirebooter-20241101154710192_3.jar"/>
    <property name="sun.management.compiler" value="HotSpot 64-Bit Tiered Compilers"/>
    <property name="ftp.nonProxyHosts" value="local|*.local|169.254/16|*.169.254/16"/>
    <property name="java.runtime.version" value="23+37-2369"/>
    <property name="user.name" value="oguzhandemir"/>
    <property name="stdout.encoding" value="UTF-8"/>
    <property name="path.separator" value=":"/>
    <property name="os.version" value="14.5"/>
    <property name="java.runtime.name" value="Java(TM) SE Runtime Environment"/>
    <property name="file.encoding" value="UTF-8"/>
    <property name="java.vm.name" value="Java HotSpot(TM) 64-Bit Server VM"/>
    <property name="localRepository" value="/Users/oguzhandemir/.m2/repository"/>
    <property name="java.vendor.url.bug" value="https://bugreport.java.com/bugreport/"/>
    <property name="java.io.tmpdir" value="/var/folders/_q/th8px3x9535cs7kjfynpj5nw0000gn/T/"/>
    <property name="java.version" value="23"/>
    <property name="cucumber.filter.tags" value="@AddPlace"/>
    <property name="user.dir" value="/Users/oguzhandemir/eclipse-workspace/APIFramework"/>
    <property name="os.arch" value="aarch64"/>
    <property name="java.vm.specification.name" value="Java Virtual Machine Specification"/>
    <property name="native.encoding" value="UTF-8"/>
    <property name="java.library.path" value="/Users/oguzhandemir/Library/Java/Extensions:/Library/Java/Extensions:/Network/Library/Java/Extensions:/System/Library/Java/Extensions:/usr/lib/java:."/>
    <property name="java.vm.info" value="mixed mode, sharing"/>
    <property name="stderr.encoding" value="UTF-8"/>
    <property name="java.vendor" value="Oracle Corporation"/>
    <property name="java.vm.version" value="23+37-2369"/>
    <property name="sun.io.unicode.encoding" value="UnicodeBig"/>
    <property name="socksNonProxyHosts" value="local|*.local|169.254/16|*.169.254/16"/>
    <property name="java.class.version" value="67.0"/>
  </properties>
  <testcase name="Verify if place is being successfully added using AddPlaceAPI" classname="Validating Place API&apos;s" time="4.913">
    <system-out><![CDATA[/maps/api/place/add/json
/maps/api/place/get/json
]]></system-out>
  </testcase>
</testsuite>